{"/Users/huckbit/dev/__javascript/extract-urls/index.js": {"path":"/Users/huckbit/dev/__javascript/extract-urls/index.js","statementMap":{"0":{"start":{"line":3,"column":0},"end":{"line":21,"column":2}},"1":{"start":{"line":4,"column":17},"end":{"line":4,"column":125}},"2":{"start":{"line":5,"column":25},"end":{"line":5,"column":36}},"3":{"start":{"line":7,"column":2},"end":{"line":9,"column":3}},"4":{"start":{"line":8,"column":4},"end":{"line":8,"column":82}},"5":{"start":{"line":11,"column":2},"end":{"line":20,"column":3}},"6":{"start":{"line":12,"column":15},"end":{"line":12,"column":32}},"7":{"start":{"line":13,"column":4},"end":{"line":17,"column":5}},"8":{"start":{"line":14,"column":6},"end":{"line":14,"column":143}},"9":{"start":{"line":14,"column":40},"end":{"line":14,"column":86}},"10":{"start":{"line":14,"column":109},"end":{"line":14,"column":141}},"11":{"start":{"line":16,"column":6},"end":{"line":16,"column":16}},"12":{"start":{"line":19,"column":4},"end":{"line":19,"column":14}}},"fnMap":{"0":{"name":"(anonymous_0)","decl":{"start":{"line":3,"column":17},"end":{"line":3,"column":18}},"loc":{"start":{"line":3,"column":41},"end":{"line":21,"column":1}},"line":3},"1":{"name":"(anonymous_1)","decl":{"start":{"line":14,"column":30},"end":{"line":14,"column":31}},"loc":{"start":{"line":14,"column":40},"end":{"line":14,"column":86}},"line":14},"2":{"name":"(anonymous_2)","decl":{"start":{"line":14,"column":99},"end":{"line":14,"column":100}},"loc":{"start":{"line":14,"column":109},"end":{"line":14,"column":141}},"line":14}},"branchMap":{"0":{"loc":{"start":{"line":3,"column":23},"end":{"line":3,"column":36}},"type":"default-arg","locations":[{"start":{"line":3,"column":31},"end":{"line":3,"column":36}}],"line":3},"1":{"loc":{"start":{"line":7,"column":2},"end":{"line":9,"column":3}},"type":"if","locations":[{"start":{"line":7,"column":2},"end":{"line":9,"column":3}},{"start":{"line":7,"column":2},"end":{"line":9,"column":3}}],"line":7},"2":{"loc":{"start":{"line":11,"column":2},"end":{"line":20,"column":3}},"type":"if","locations":[{"start":{"line":11,"column":2},"end":{"line":20,"column":3}},{"start":{"line":11,"column":2},"end":{"line":20,"column":3}}],"line":11},"3":{"loc":{"start":{"line":13,"column":4},"end":{"line":17,"column":5}},"type":"if","locations":[{"start":{"line":13,"column":4},"end":{"line":17,"column":5}},{"start":{"line":13,"column":4},"end":{"line":17,"column":5}}],"line":13},"4":{"loc":{"start":{"line":14,"column":13},"end":{"line":14,"column":142}},"type":"cond-expr","locations":[{"start":{"line":14,"column":21},"end":{"line":14,"column":87}},{"start":{"line":14,"column":90},"end":{"line":14,"column":142}}],"line":14}},"s":{"0":1,"1":10,"2":10,"3":10,"4":1,"5":9,"6":8,"7":8,"8":7,"9":4,"10":9,"11":1,"12":1},"f":{"0":10,"1":4,"2":9},"b":{"0":[8],"1":[1,9],"2":[8,1],"3":[7,1],"4":[2,5]},"_coverageSchema":"1a1c01bbd47fc00a2c39e90264f33305004495a9","hash":"ea1d3f2d2d2512befdf01ae4638cc2d12ab6b48c"}
}
