{"C:\\Users\\Max.Ranauro\\devmax\\extract-urls\\index.js": {"path":"C:\\Users\\Max.Ranauro\\devmax\\extract-urls\\index.js","statementMap":{"0":{"start":{"line":3,"column":0},"end":{"line":20,"column":2}},"1":{"start":{"line":4,"column":17},"end":{"line":4,"column":124}},"2":{"start":{"line":6,"column":2},"end":{"line":8,"column":3}},"3":{"start":{"line":7,"column":4},"end":{"line":7,"column":82}},"4":{"start":{"line":10,"column":2},"end":{"line":19,"column":3}},"5":{"start":{"line":11,"column":15},"end":{"line":11,"column":32}},"6":{"start":{"line":12,"column":4},"end":{"line":16,"column":5}},"7":{"start":{"line":13,"column":6},"end":{"line":13,"column":129}},"8":{"start":{"line":13,"column":40},"end":{"line":13,"column":79}},"9":{"start":{"line":13,"column":102},"end":{"line":13,"column":127}},"10":{"start":{"line":15,"column":6},"end":{"line":15,"column":16}},"11":{"start":{"line":18,"column":4},"end":{"line":18,"column":14}}},"fnMap":{"0":{"name":"(anonymous_0)","decl":{"start":{"line":3,"column":17},"end":{"line":3,"column":18}},"loc":{"start":{"line":3,"column":41},"end":{"line":20,"column":1}},"line":3},"1":{"name":"(anonymous_1)","decl":{"start":{"line":13,"column":30},"end":{"line":13,"column":31}},"loc":{"start":{"line":13,"column":40},"end":{"line":13,"column":79}},"line":13},"2":{"name":"(anonymous_2)","decl":{"start":{"line":13,"column":92},"end":{"line":13,"column":93}},"loc":{"start":{"line":13,"column":102},"end":{"line":13,"column":127}},"line":13}},"branchMap":{"0":{"loc":{"start":{"line":3,"column":23},"end":{"line":3,"column":36}},"type":"default-arg","locations":[{"start":{"line":3,"column":31},"end":{"line":3,"column":36}}],"line":3},"1":{"loc":{"start":{"line":6,"column":2},"end":{"line":8,"column":3}},"type":"if","locations":[{"start":{"line":6,"column":2},"end":{"line":8,"column":3}},{"start":{},"end":{}}],"line":6},"2":{"loc":{"start":{"line":10,"column":2},"end":{"line":19,"column":3}},"type":"if","locations":[{"start":{"line":10,"column":2},"end":{"line":19,"column":3}},{"start":{"line":17,"column":9},"end":{"line":19,"column":3}}],"line":10},"3":{"loc":{"start":{"line":12,"column":4},"end":{"line":16,"column":5}},"type":"if","locations":[{"start":{"line":12,"column":4},"end":{"line":16,"column":5}},{"start":{"line":14,"column":11},"end":{"line":16,"column":5}}],"line":12},"4":{"loc":{"start":{"line":13,"column":13},"end":{"line":13,"column":128}},"type":"cond-expr","locations":[{"start":{"line":13,"column":21},"end":{"line":13,"column":80}},{"start":{"line":13,"column":83},"end":{"line":13,"column":128}}],"line":13}},"s":{"0":1,"1":8,"2":8,"3":1,"4":7,"5":6,"6":6,"7":5,"8":4,"9":5,"10":1,"11":1},"f":{"0":8,"1":4,"2":5},"b":{"0":[6],"1":[1,7],"2":[6,1],"3":[5,1],"4":[2,3]},"_coverageSchema":"1a1c01bbd47fc00a2c39e90264f33305004495a9","hash":"3e8aa484ada982600398e46a29eea39a62a7558e"}
}
